<?xml version="1.0" encoding="UTF-8" standalone="yes"?>
<ns2:permissions_list xmlns:ns2="http://collectionspace.org/services/authorization">
    <permission csid="1">
        <resourceName>accounts</resourceName>
        <action>
            <name>CREATE</name>
        </action>
        <action>
            <name>READ</name>
        </action>
        <action>
            <name>UPDATE</name>
        </action>
        <action>
            <name>DELETE</name>
        </action>
        <effect>PERMIT</effect>
    </permission>
    <permission csid="2">
        <resourceName>collectionobjects</resourceName>
        <action>
            <name>CREATE</name>
        </action>
        <action>
            <name>READ</name>
        </action>
        <action>
            <name>UPDATE</name>
        </action>
        <action>
            <name>DELETE</name>
        </action>
        <effect>PERMIT</effect>
    </permission>
</ns2:permissions_list>
