<?xml version="1.0" encoding="UTF-8" standalone="yes"?>
<ns2:permissions_roles_list xmlns:ns2="http://collectionspace.org/services/authorization">
    <permissionRole>
        <subject>ROLE</subject>
        <permission>
            <permissionId>1</permissionId>
            <resourceName>accounts</resourceName>
        </permission>
        <role>
            <roleId>1</roleId>
            <roleName>ROLE_ADMINISTRATOR</roleName>
        </role>
    </permissionRole>
    <permissionRole>
        <subject>ROLE</subject>
        <permission>
            <permissionId>2</permissionId>
            <resourceName>dimensions</resourceName>
        </permission>
        <role>
            <roleId>1</roleId>
            <roleName>ROLE_ADMINISTRATOR</roleName>
        </role>
    </permissionRole>
</ns2:permissions_roles_list>
